0 silly input [ 'start' ]
1 silly flags {
1 silly flags   _: [ 'run' ],
1 silly flags   'reject-cycles': false,
1 silly flags   rejectCycles: false,
1 silly flags   sort: false,
1 silly flags   stream: true,
1 silly flags   concurrency: 100,
1 silly flags   script: 'start',
1 silly flags   args: []
1 silly flags }
2 verbose rootPath C:\Users\adity\OneDrive\Desktop\google map splunk\dashboardTutorial3
3 info version 2.11.0
4 silly existsSync C:\Users\adity\OneDrive\Desktop\google map splunk\dashboardTutorial3\VERSION
5 silly initialize attempt
6 silly initialize success
7 silly execute attempt
8 silly runScriptInPackageStreaming [ 'start', [], '@splunk/google-map' ]
9 silly getExecOpts {
9 silly getExecOpts   cwd: 'C:\\Users\\adity\\OneDrive\\Desktop\\google map splunk\\dashboardTutorial3\\packages\\google-map'
9 silly getExecOpts }
10 silly runScriptInPackageStreaming [ 'start', [], '@splunk/map-dashboard' ]
11 silly getExecOpts {
11 silly getExecOpts   cwd: 'C:\\Users\\adity\\OneDrive\\Desktop\\google map splunk\\dashboardTutorial3\\packages\\map-dashboard'
11 silly getExecOpts }
12 error execute callback with error
13 error Error: Command failed: yarn run start
13 error
13 error webpack is watching the files…
13 error
13 error ^Cerror Command failed with exit code 3221225786.
13 error ^C
13 error $ webpack --watch
13 error Hash: 14c5f0cd8e1287b86549
13 error Version: webpack 4.47.0
13 error Time: 46254ms
13 error Built at: 01/01/2024 5:19:16 am
13 error                                           Asset       Size        Chunks                         Chunk Names
13 error         ../../../README/splunk_create.spec.conf  151 bytes                [emitted]
13 error                       ../../../default/app.conf  317 bytes                [emitted]
13 error        ../../../default/data/ui/nav/default.xml   86 bytes                [emitted]
13 error ../../../default/data/ui/views/MapDashboard.xml  130 bytes                [emitted]
13 error        ../../../default/data/ui/views/start.xml  118 bytes                [emitted]
13 error             ../../../default/splunk_create.conf  154 bytes                [emitted]
13 error                      ../../templates/start.html  798 bytes                [emitted]
13 error                     0.0.js?252b9ac32acec28112e9   1.19 MiB             0  [emitted] [immutable]
13 error                     1.1.js?6695583fac22f588b05a    167 KiB             1  [emitted] [immutable]
13 error                     2.2.js?0e6b922b1a3cde4402a1   1.06 MiB             2  [emitted] [immutable]
13 error                                 MapDashboard.js   68.5 MiB  MapDashboard  [emitted]              MapDashboard
13 error                                        start.js   6.42 MiB         start  [emitted]              start
13 error Entrypoint MapDashboard = MapDashboard.js
13 error Entrypoint start = start.js
13 error [0] crypto (ignored) 15 bytes {MapDashboard} [optional] [built]
13 error [../../node_modules/moment/locale sync recursive ^\.\/.*$] C:/Users/adity/OneDrive/Desktop/google map splunk/dashboardTutorial3/node_modules/moment/locale sync ^\.\/.*$ 3.26 KiB {MapDashboard} [optional] [built]
13 error [../../node_modules/webpack/buildin/amd-define.js] (webpack)/buildin/amd-define.js 85 bytes {MapDashboard} [built]
13 error [../../node_modules/webpack/buildin/global.js] (webpack)/buildin/global.js 472 bytes {MapDashboard} {start} [built]
13 error [../../node_modules/webpack/buildin/harmony-module.js] (webpack)/buildin/harmony-module.js 573 bytes {MapDashboard} {start} [built]
13 error [../../node_modules/webpack/buildin/module.js] (webpack)/buildin/module.js 497 bytes {MapDashboard} {start} [built]
13 error [../google-map/GoogleMap.js] 16.5 KiB {MapDashboard} {start} [built]
13 error [./src/main/webapp/pages/MapDashboard/DashboardExample.jsx] 3.54 KiB {MapDashboard} [built]
13 error [./src/main/webapp/pages/MapDashboard/definition.json] 3.74 KiB {MapDashboard} [built]
13 error [./src/main/webapp/pages/MapDashboard/index.jsx] 531 bytes {MapDashboard} [built]
13 error [./src/main/webapp/pages/start/StartStyles.js] 890 bytes {start} [built]
13 error [./src/main/webapp/pages/start/index.jsx] 1.39 KiB {start} [built]
13 error     + 2421 hidden modules
13 error Hash: 1568bcb1313939de8414
13 error Version: webpack 4.47.0
13 error Time: 21736ms
13 error Built at: 01/01/2024 5:25:39 am
13 error                                           Asset       Size        Chunks             Chunk Names
13 error         ../../../README/splunk_create.spec.conf  151 bytes                [emitted]
13 error                       ../../../default/app.conf  317 bytes                [emitted]
13 error        ../../../default/data/ui/nav/default.xml   86 bytes                [emitted]
13 error ../../../default/data/ui/views/MapDashboard.xml  130 bytes                [emitted]
13 error        ../../../default/data/ui/views/start.xml  118 bytes                [emitted]
13 error             ../../../default/splunk_create.conf  154 bytes                [emitted]
13 error                      ../../templates/start.html  798 bytes                [emitted]
13 error                                 MapDashboard.js   68.5 MiB  MapDashboard  [emitted]  MapDashboard
13 error                                        start.js   6.42 MiB         start  [emitted]  start
13 error  + 3 hidden assets
13 error Entrypoint MapDashboard = MapDashboard.js
13 error Entrypoint start = start.js
13 error [../google-map/GoogleMap.js] 16.5 KiB {MapDashboard} {start} [built]
13 error     + 2432 hidden modules
13 error Hash: 14c5f0cd8e1287b86549
13 error Version: webpack 4.47.0
13 error Time: 9567ms
13 error Built at: 01/01/2024 5:26:19 am
13 error                                           Asset       Size        Chunks             Chunk Names
13 error         ../../../README/splunk_create.spec.conf  151 bytes                [emitted]
13 error                       ../../../default/app.conf  317 bytes                [emitted]
13 error        ../../../default/data/ui/nav/default.xml   86 bytes                [emitted]
13 error ../../../default/data/ui/views/MapDashboard.xml  130 bytes                [emitted]
13 error        ../../../default/data/ui/views/start.xml  118 bytes                [emitted]
13 error             ../../../default/splunk_create.conf  154 bytes                [emitted]
13 error                      ../../templates/start.html  798 bytes                [emitted]
13 error                                 MapDashboard.js   68.5 MiB  MapDashboard  [emitted]  MapDashboard
13 error                                        start.js   6.42 MiB         start  [emitted]  start
13 error  + 3 hidden assets
13 error Entrypoint MapDashboard = MapDashboard.js
13 error Entrypoint start = start.js
13 error [../google-map/GoogleMap.js] 16.5 KiB {MapDashboard} {start} [built]
13 error     + 2432 hidden modules
13 error Terminate batch job (Y/N)?
13 error info Visit https://yarnpkg.com/en/docs/cli/run for documentation about this command.
13 error Terminate batch job (Y/N)?
13 error
13 error     at C:\Users\adity\OneDrive\Desktop\google map splunk\dashboardTutorial3\node_modules\execa\index.js:236:11
